<?xml version="1.0" encoding="UTF-8"?>
<component xmlns="http://www.xproclet.org/V/Server/" xmlns:xproc="http://www.xproclet.org/V/XProc/">

   <client protocol="CLAP"/>
   <client protocol="FILE"/>
   <client protocol="HTTP"/>

   <include href="../dist/mod-xproc/mod-xproc.xml"/>
   
   <server protocol="HTTP" address="*" port="8080">
      <host name="*">
         <parameter name="xproc.tmpdir" href="../tmp"/>
         <attribute name="xproc.cache" ref="xproc.cache"/>
         <route match="/encode" ref="xproc.methods">
            <attribute name="xproc.configuration">
               <xproc:method name="POST" href="encode.xpl"/>
            </attribute>
         </route>
         <route match="/" ref="xproc.methods">
            <attribute name="xproc.configuration">
               <xproc:method name="POST" href="echo.xpl"/>
            </attribute>
         </route>
      </host>
   </server>
</component>