<?xml version="1.0" encoding="UTF-8"?>
<component xmlns="http://www.xproclet.org/V/Server/">

   <client protocol="CLAP"/>
   <client protocol="FILE"/>
   <client protocol="HTTP"/>

   <include href="../dist/mod-xproc/mod-xproc.xml"/>
   
   <server protocol="HTTP" address="*" port="8080">
      <host name="*">
         <attribute name="xproc.cache" class="org.xproclet.xproc.XProcCache" ref="xproc"/>
         <route match="/test/" ref="xproc">
            <parameter name="xproc.href" href="test.xpl"/>
         </route>
      </host>
   </server>
</component>