<?xml version="1.0" encoding="UTF-8"?>
<component xmlns="http://www.xproclet.org/V/Server/" xmlns:xproc="http://www.xproclet.org/V/XProc/">

   <client protocol="CLAP"/>
   <client protocol="FILE"/>
   <client protocol="HTTP"/>

   <include href="../dist/mod-xproc/mod-xproc.xml"/>
   
   <server protocol="HTTP" address="*" port="8080">
      <host name="*">
         <attribute name="xproc.cache" ref="xproc.cache"/>
         <route match="/" ref="xproclet">
            <attribute name="xproc.configuration">
               <xproc:method name="HEAD" href="head.xpl" bind-output="true"/>
               <xproc:method name="GET" href="get.xpl"/>
               <xproc:method name="PUT" href="echo.xpl"/>
               <xproc:method name="POST" href="echo.xpl"/>
            </attribute>
         </route>
      </host>
   </server>
</component>